2021-10-20 14:40:48,854 0      [           main] DEBUG ache.ibatis.logging.LogFactory  - Logging initialized using 'class org.apache.ibatis.logging.log4j.Log4jImpl' adapter.
2021-10-20 14:40:48,919 65     [           main] DEBUG source.pooled.PooledDataSource  - PooledDataSource forcefully closed/removed all connections.
2021-10-20 14:40:48,919 65     [           main] DEBUG source.pooled.PooledDataSource  - PooledDataSource forcefully closed/removed all connections.
2021-10-20 14:40:48,919 65     [           main] DEBUG source.pooled.PooledDataSource  - PooledDataSource forcefully closed/removed all connections.
2021-10-20 14:40:48,919 65     [           main] DEBUG source.pooled.PooledDataSource  - PooledDataSource forcefully closed/removed all connections.
2021-10-20 14:40:49,214 360    [           main] DEBUG ansaction.jdbc.JdbcTransaction  - Opening JDBC Connection
2021-10-20 14:42:13,761 0      [           main] DEBUG ache.ibatis.logging.LogFactory  - Logging initialized using 'class org.apache.ibatis.logging.log4j.Log4jImpl' adapter.
2021-10-20 14:42:13,783 22     [           main] DEBUG source.pooled.PooledDataSource  - PooledDataSource forcefully closed/removed all connections.
2021-10-20 14:42:13,783 22     [           main] DEBUG source.pooled.PooledDataSource  - PooledDataSource forcefully closed/removed all connections.
2021-10-20 14:42:13,783 22     [           main] DEBUG source.pooled.PooledDataSource  - PooledDataSource forcefully closed/removed all connections.
2021-10-20 14:42:13,783 22     [           main] DEBUG source.pooled.PooledDataSource  - PooledDataSource forcefully closed/removed all connections.
2021-10-20 14:42:13,886 125    [           main] DEBUG ansaction.jdbc.JdbcTransaction  - Opening JDBC Connection
2021-10-20 14:43:44,094 0      [           main] DEBUG ache.ibatis.logging.LogFactory  - Logging initialized using 'class org.apache.ibatis.logging.log4j.Log4jImpl' adapter.
2021-10-20 14:43:44,117 23     [           main] DEBUG source.pooled.PooledDataSource  - PooledDataSource forcefully closed/removed all connections.
2021-10-20 14:43:44,118 24     [           main] DEBUG source.pooled.PooledDataSource  - PooledDataSource forcefully closed/removed all connections.
2021-10-20 14:43:44,118 24     [           main] DEBUG source.pooled.PooledDataSource  - PooledDataSource forcefully closed/removed all connections.
2021-10-20 14:43:44,118 24     [           main] DEBUG source.pooled.PooledDataSource  - PooledDataSource forcefully closed/removed all connections.
2021-10-20 14:43:44,209 115    [           main] DEBUG ansaction.jdbc.JdbcTransaction  - Opening JDBC Connection
2021-10-20 14:49:11,573 0      [           main] DEBUG ache.ibatis.logging.LogFactory  - Logging initialized using 'class org.apache.ibatis.logging.log4j.Log4jImpl' adapter.
2021-10-20 14:49:11,596 23     [           main] DEBUG source.pooled.PooledDataSource  - PooledDataSource forcefully closed/removed all connections.
2021-10-20 14:49:11,596 23     [           main] DEBUG source.pooled.PooledDataSource  - PooledDataSource forcefully closed/removed all connections.
2021-10-20 14:49:11,597 24     [           main] DEBUG source.pooled.PooledDataSource  - PooledDataSource forcefully closed/removed all connections.
2021-10-20 14:49:11,597 24     [           main] DEBUG source.pooled.PooledDataSource  - PooledDataSource forcefully closed/removed all connections.
2021-10-20 14:49:50,516 0      [           main] DEBUG ache.ibatis.logging.LogFactory  - Logging initialized using 'class org.apache.ibatis.logging.log4j.Log4jImpl' adapter.
2021-10-20 14:49:50,550 34     [           main] DEBUG source.pooled.PooledDataSource  - PooledDataSource forcefully closed/removed all connections.
2021-10-20 14:49:50,550 34     [           main] DEBUG source.pooled.PooledDataSource  - PooledDataSource forcefully closed/removed all connections.
2021-10-20 14:49:50,550 34     [           main] DEBUG source.pooled.PooledDataSource  - PooledDataSource forcefully closed/removed all connections.
2021-10-20 14:49:50,550 34     [           main] DEBUG source.pooled.PooledDataSource  - PooledDataSource forcefully closed/removed all connections.
2021-10-20 14:49:50,665 149    [           main] DEBUG ansaction.jdbc.JdbcTransaction  - Opening JDBC Connection
2021-10-20 14:54:00,246 0      [           main] DEBUG ache.ibatis.logging.LogFactory  - Logging initialized using 'class org.apache.ibatis.logging.log4j.Log4jImpl' adapter.
2021-10-20 14:54:00,273 27     [           main] DEBUG source.pooled.PooledDataSource  - PooledDataSource forcefully closed/removed all connections.
2021-10-20 14:54:00,273 27     [           main] DEBUG source.pooled.PooledDataSource  - PooledDataSource forcefully closed/removed all connections.
2021-10-20 14:54:00,273 27     [           main] DEBUG source.pooled.PooledDataSource  - PooledDataSource forcefully closed/removed all connections.
2021-10-20 14:54:00,273 27     [           main] DEBUG source.pooled.PooledDataSource  - PooledDataSource forcefully closed/removed all connections.
2021-10-20 14:54:00,397 151    [           main] DEBUG ansaction.jdbc.JdbcTransaction  - Opening JDBC Connection
2021-10-20 14:54:45,856 0      [           main] DEBUG ache.ibatis.logging.LogFactory  - Logging initialized using 'class org.apache.ibatis.logging.log4j.Log4jImpl' adapter.
2021-10-20 14:54:45,878 22     [           main] DEBUG source.pooled.PooledDataSource  - PooledDataSource forcefully closed/removed all connections.
2021-10-20 14:54:45,878 22     [           main] DEBUG source.pooled.PooledDataSource  - PooledDataSource forcefully closed/removed all connections.
2021-10-20 14:54:45,878 22     [           main] DEBUG source.pooled.PooledDataSource  - PooledDataSource forcefully closed/removed all connections.
2021-10-20 14:54:45,879 23     [           main] DEBUG source.pooled.PooledDataSource  - PooledDataSource forcefully closed/removed all connections.
2021-10-20 14:54:45,994 138    [           main] DEBUG ansaction.jdbc.JdbcTransaction  - Opening JDBC Connection
2021-10-20 15:00:05,298 0      [           main] DEBUG ache.ibatis.logging.LogFactory  - Logging initialized using 'class org.apache.ibatis.logging.log4j.Log4jImpl' adapter.
2021-10-20 15:00:05,321 23     [           main] DEBUG source.pooled.PooledDataSource  - PooledDataSource forcefully closed/removed all connections.
2021-10-20 15:00:05,321 23     [           main] DEBUG source.pooled.PooledDataSource  - PooledDataSource forcefully closed/removed all connections.
2021-10-20 15:00:05,321 23     [           main] DEBUG source.pooled.PooledDataSource  - PooledDataSource forcefully closed/removed all connections.
2021-10-20 15:00:05,321 23     [           main] DEBUG source.pooled.PooledDataSource  - PooledDataSource forcefully closed/removed all connections.
2021-10-20 15:00:05,435 137    [           main] DEBUG ansaction.jdbc.JdbcTransaction  - Opening JDBC Connection
2021-10-20 15:02:02,287 0      [           main] DEBUG ache.ibatis.logging.LogFactory  - Logging initialized using 'class org.apache.ibatis.logging.log4j.Log4jImpl' adapter.
2021-10-20 15:02:02,311 24     [           main] DEBUG source.pooled.PooledDataSource  - PooledDataSource forcefully closed/removed all connections.
2021-10-20 15:02:02,311 24     [           main] DEBUG source.pooled.PooledDataSource  - PooledDataSource forcefully closed/removed all connections.
2021-10-20 15:02:02,311 24     [           main] DEBUG source.pooled.PooledDataSource  - PooledDataSource forcefully closed/removed all connections.
2021-10-20 15:02:02,311 24     [           main] DEBUG source.pooled.PooledDataSource  - PooledDataSource forcefully closed/removed all connections.
2021-10-20 15:02:02,438 151    [           main] DEBUG ansaction.jdbc.JdbcTransaction  - Opening JDBC Connection
2021-10-20 15:02:02,596 309    [           main] DEBUG source.pooled.PooledDataSource  - Created connection 27319466.
2021-10-20 15:02:02,596 309    [           main] DEBUG ansaction.jdbc.JdbcTransaction  - Setting autocommit to false on JDBC Connection [com.mysql.cj.jdbc.ConnectionImpl@1a0dcaa]
2021-10-20 15:02:02,600 313    [           main] DEBUG    com.xu.dao.IUserDao.findAll  - ==>  Preparing: select * from user
2021-10-20 15:02:02,637 350    [           main] DEBUG    com.xu.dao.IUserDao.findAll  - ==> Parameters: 
2021-10-20 15:02:02,675 388    [           main] DEBUG    com.xu.dao.IUserDao.findAll  - <==      Total: 6
2021-10-20 15:02:02,682 395    [           main] DEBUG ansaction.jdbc.JdbcTransaction  - Resetting autocommit to true on JDBC Connection [com.mysql.cj.jdbc.ConnectionImpl@1a0dcaa]
2021-10-20 15:02:02,682 395    [           main] DEBUG ansaction.jdbc.JdbcTransaction  - Closing JDBC Connection [com.mysql.cj.jdbc.ConnectionImpl@1a0dcaa]
2021-10-20 15:02:02,683 396    [           main] DEBUG source.pooled.PooledDataSource  - Returned connection 27319466 to pool.
2021-10-20 15:02:27,450 0      [           main] DEBUG ache.ibatis.logging.LogFactory  - Logging initialized using 'class org.apache.ibatis.logging.log4j.Log4jImpl' adapter.
2021-10-20 15:02:27,477 27     [           main] DEBUG source.pooled.PooledDataSource  - PooledDataSource forcefully closed/removed all connections.
2021-10-20 15:02:27,477 27     [           main] DEBUG source.pooled.PooledDataSource  - PooledDataSource forcefully closed/removed all connections.
2021-10-20 15:02:27,477 27     [           main] DEBUG source.pooled.PooledDataSource  - PooledDataSource forcefully closed/removed all connections.
2021-10-20 15:02:27,477 27     [           main] DEBUG source.pooled.PooledDataSource  - PooledDataSource forcefully closed/removed all connections.
2021-10-20 15:02:27,572 122    [           main] DEBUG ansaction.jdbc.JdbcTransaction  - Opening JDBC Connection
2021-10-20 15:02:27,749 299    [           main] DEBUG source.pooled.PooledDataSource  - Created connection 27319466.
2021-10-20 15:02:27,750 300    [           main] DEBUG ansaction.jdbc.JdbcTransaction  - Setting autocommit to false on JDBC Connection [com.mysql.cj.jdbc.ConnectionImpl@1a0dcaa]
2021-10-20 15:02:27,754 304    [           main] DEBUG    com.xu.dao.IUserDao.findAll  - ==>  Preparing: select * from user
2021-10-20 15:02:27,795 345    [           main] DEBUG    com.xu.dao.IUserDao.findAll  - ==> Parameters: 
2021-10-20 15:02:27,823 373    [           main] DEBUG    com.xu.dao.IUserDao.findAll  - <==      Total: 6
2021-10-20 15:02:27,828 378    [           main] DEBUG ansaction.jdbc.JdbcTransaction  - Resetting autocommit to true on JDBC Connection [com.mysql.cj.jdbc.ConnectionImpl@1a0dcaa]
2021-10-20 15:02:27,829 379    [           main] DEBUG ansaction.jdbc.JdbcTransaction  - Closing JDBC Connection [com.mysql.cj.jdbc.ConnectionImpl@1a0dcaa]
2021-10-20 15:02:27,829 379    [           main] DEBUG source.pooled.PooledDataSource  - Returned connection 27319466 to pool.
2021-10-20 15:03:07,595 0      [           main] DEBUG ache.ibatis.logging.LogFactory  - Logging initialized using 'class org.apache.ibatis.logging.log4j.Log4jImpl' adapter.
2021-10-20 15:03:07,620 25     [           main] DEBUG source.pooled.PooledDataSource  - PooledDataSource forcefully closed/removed all connections.
2021-10-20 15:03:07,621 26     [           main] DEBUG source.pooled.PooledDataSource  - PooledDataSource forcefully closed/removed all connections.
2021-10-20 15:03:07,621 26     [           main] DEBUG source.pooled.PooledDataSource  - PooledDataSource forcefully closed/removed all connections.
2021-10-20 15:03:07,621 26     [           main] DEBUG source.pooled.PooledDataSource  - PooledDataSource forcefully closed/removed all connections.
2021-10-20 15:03:07,738 143    [           main] DEBUG ansaction.jdbc.JdbcTransaction  - Opening JDBC Connection
2021-10-20 15:03:07,919 324    [           main] DEBUG source.pooled.PooledDataSource  - Created connection 299644693.
2021-10-20 15:03:07,919 324    [           main] DEBUG ansaction.jdbc.JdbcTransaction  - Setting autocommit to false on JDBC Connection [com.mysql.cj.jdbc.ConnectionImpl@11dc3715]
2021-10-20 15:03:07,923 328    [           main] DEBUG    com.xu.dao.IUserDao.findAll  - ==>  Preparing: select * from user
2021-10-20 15:03:07,970 375    [           main] DEBUG    com.xu.dao.IUserDao.findAll  - ==> Parameters: 
2021-10-20 15:03:08,014 419    [           main] DEBUG    com.xu.dao.IUserDao.findAll  - <==      Total: 6
2021-10-20 15:03:08,019 424    [           main] DEBUG ansaction.jdbc.JdbcTransaction  - Resetting autocommit to true on JDBC Connection [com.mysql.cj.jdbc.ConnectionImpl@11dc3715]
2021-10-20 15:03:08,019 424    [           main] DEBUG ansaction.jdbc.JdbcTransaction  - Closing JDBC Connection [com.mysql.cj.jdbc.ConnectionImpl@11dc3715]
2021-10-20 15:03:08,019 424    [           main] DEBUG source.pooled.PooledDataSource  - Returned connection 299644693 to pool.
2021-10-20 15:03:25,511 0      [           main] DEBUG ache.ibatis.logging.LogFactory  - Logging initialized using 'class org.apache.ibatis.logging.log4j.Log4jImpl' adapter.
2021-10-20 15:03:25,538 27     [           main] DEBUG source.pooled.PooledDataSource  - PooledDataSource forcefully closed/removed all connections.
2021-10-20 15:03:25,538 27     [           main] DEBUG source.pooled.PooledDataSource  - PooledDataSource forcefully closed/removed all connections.
2021-10-20 15:03:25,538 27     [           main] DEBUG source.pooled.PooledDataSource  - PooledDataSource forcefully closed/removed all connections.
2021-10-20 15:03:25,538 27     [           main] DEBUG source.pooled.PooledDataSource  - PooledDataSource forcefully closed/removed all connections.
2021-10-20 15:03:25,656 145    [           main] DEBUG ansaction.jdbc.JdbcTransaction  - Opening JDBC Connection
2021-10-20 15:03:25,817 306    [           main] DEBUG source.pooled.PooledDataSource  - Created connection 27319466.
2021-10-20 15:03:25,817 306    [           main] DEBUG ansaction.jdbc.JdbcTransaction  - Setting autocommit to false on JDBC Connection [com.mysql.cj.jdbc.ConnectionImpl@1a0dcaa]
2021-10-20 15:03:25,821 310    [           main] DEBUG    com.xu.dao.IUserDao.findAll  - ==>  Preparing: select * from user
2021-10-20 15:03:25,854 343    [           main] DEBUG    com.xu.dao.IUserDao.findAll  - ==> Parameters: 
2021-10-20 15:03:25,882 371    [           main] DEBUG    com.xu.dao.IUserDao.findAll  - <==      Total: 6
2021-10-20 15:03:25,885 374    [           main] DEBUG ansaction.jdbc.JdbcTransaction  - Resetting autocommit to true on JDBC Connection [com.mysql.cj.jdbc.ConnectionImpl@1a0dcaa]
2021-10-20 15:03:25,886 375    [           main] DEBUG ansaction.jdbc.JdbcTransaction  - Closing JDBC Connection [com.mysql.cj.jdbc.ConnectionImpl@1a0dcaa]
2021-10-20 15:03:25,886 375    [           main] DEBUG source.pooled.PooledDataSource  - Returned connection 27319466 to pool.
